[s6-init] making user provided files available at /var/run/s6/etc...exited 0.
[s6-init] ensuring user provided files have correct perms...exited 0.
[fix-attrs.d] applying ownership & permissions fixes...
[fix-attrs.d] 01-fix-perms: applying... 
[fix-attrs.d] 01-fix-perms: exited 0.
[fix-attrs.d] done.
[cont-init.d] executing container initialization scripts...
[cont-init.d] done.
[services.d] starting services
[services.d] done.
2018/04/13 07:20:55 Error in loading .env file
time="2018-04-13T07:20:55Z" level=info msg="Starting Skygear Server(v1.4.0)..."
time="2018-04-13T07:20:55Z" level=debug msg="Current version of database schema is \"b3163d49bd6d\"." logger=skydb
time="2018-04-13T07:20:55Z" level=debug msg="Database schema \"b3163d49bd6d\" matches the latest schema \"b3163d49bd6d\"." logger=skydb
time="2018-04-13T07:20:55Z" level=debug msg="Querying remoteColumnTypes user" logger=skydb
time="2018-04-13T07:20:55Z" level=debug msg="Executed SQL with sql.QueryRowx" args="[user app_cheungpatapplog]" executionCount=1 logger=skydb sql="\nSELECT c.oid\nFROM pg_catalog.pg_class c\n     LEFT JOIN pg_catalog.pg_namespace n ON n.oid = c.relnamespace\nWHERE c.relname = $1\n  AND n.nspname = $2"
time="2018-04-13T07:20:55Z" level=debug msg="Executed SQL successfully with sql.Queryx" args="[35455312]" error="<nil>" executionCount=2 logger=skydb sql="\nSELECT a.attname,\n  pg_catalog.format_type(a.atttypid, a.atttypmod)\nFROM pg_catalog.pg_attribute a\nWHERE a.attrelid = $1 AND a.attnum > 0 AND NOT a.attisdropped"
time="2018-04-13T07:20:55Z" level=debug msg="Executed SQL successfully with sql.Queryx" args="[app_cheungpatapplog user]" error="<nil>" executionCount=3 logger=skydb sql="SELECT kcu.column_name, ccu.table_name FROM information_schema.table_constraints AS tc JOIN information_schema.key_column_usage AS kcu ON tc.constraint_name = kcu.constraint_name JOIN information_schema.constraint_column_usage AS ccu ON ccu.constraint_name = tc.constraint_name WHERE constraint_type = 'FOREIGN KEY' AND tc.table_schema = $1 AND tc.table_name = $2"
time="2018-04-13T07:20:55Z" level=debug msg="Cache remoteColumnTypes user" logger=skydb
time="2018-04-13T07:20:55Z" level=debug msg="Using cached remoteColumnTypes user" logger=skydb
time="2018-04-13T07:20:55Z" level=debug msg="Executed SQL successfully with sql.Queryx" args="[app_cheungpatapplog user]" error="<nil>" executionCount=4 logger=skydb sql="\nSELECT\n    t.relname AS table_name,\n    i.relname AS index_name,\n    array_to_string(array_agg(a.attname), ',') AS column_names\nFROM\n    pg_class t,\n    pg_class i,\n    pg_index ix,\n    pg_attribute a,\n    pg_namespace ns\nWHERE\n    t.oid = ix.indrelid\n    AND i.oid = ix.indexrelid\n    AND ns.oid = t.relnamespace\n    AND ns.oid = i.relnamespace\n    AND a.attrelid = t.oid\n    AND a.attnum = ANY(ix.indkey)\n    AND t.relkind = 'r'\n    AND ix.indisunique = TRUE\n    AND ns.nspname = $1\n    AND t.relname = $2\nGROUP BY\n    ns.nspname,\n    t.relname,\n    i.relname;"
time="2018-04-13T07:20:55Z" level=info msg="Subscription Service listening..."
time="2018-04-13T07:20:55Z" level=debug msg="Executed SQL successfully with sql.Exec" args="[2018-04-12 07:20:55.895117353 +0000 UTC]" error="<nil>" executionCount=1 logger=skydb rowsAffected=0 sql="DELETE FROM \"app_cheungpatapplog\".\"_device\" WHERE token IS NULL AND last_registered_at < $1"
time="2018-04-13T07:20:55Z" level=info msg="Created Cloud Asset Store" cloud-store="&{cheungpatapplog http://10.3.148.74 eyJhbGciOiJIUzI1NiIsInR5cCI6IkpXVCJ9.eyJleHRyYSI6eyJlbmRwb2ludCI6ImNoZXVuZ3BhdGFwcGxvZyJ9LCJqdGkiOiJhNzU4Y2Q0MS05YzgyLTQzN2QtYjhmYy03NzI0MDg2YTQ3YmQiLCJpYXQiOjE1MjM2MDM5MjksImlzcyI6IlNreWdlYXItQ2xvdWQiLCJzdWIiOiJza3lnZWFyLWNsb3VkLWFzc2V0LXRva2VuIn0.mNi-HHKjWoI_LlVQ4grajDNTjH31h69S09w7DHGBYUw https://asset.skygeario.com/asset false 0xc4201b6ff0}" logger=asset
time="2018-04-13T07:20:55Z" level=info msg="Start refresh Cloud Asset Signer Token" logger=asset
time="2018-04-13T07:20:55Z" level=info msg="Successfully got new Cloud Asset Signer Token" logger=asset response="{phl244uRN60RDwp9uCJAEgMSz3jq0R10aG7JjKUB1lY= MTUyMzYxMTI1NQ== 2018-04-13 09:20:55 +0000 UTC}"
time="2018-04-13T07:20:55Z" level=debug msg="Hub running 0xc4202260c0" logger=pubsub
time="2018-04-13T07:20:55Z" level=debug msg="Hub running 0xc42005b3c0" logger=pubsub
time="2018-04-13T07:20:55Z" level=info msg="Supported plugin transports: exec, http"
time="2018-04-13T07:20:55Z" level=info msg="Listening on :3000..."
time="2018-04-13T07:20:55Z" level=info msg="Wait for all plugin configurations" count=2 logger=plugin
time="2018-04-13T07:20:56Z" level=info msg="Sending init event to plugin" logger=plugin retry=0
time="2018-04-13T07:20:56Z" level=info msg="Sending init event to plugin" logger=plugin retry=0
time="2018-04-13T07:20:56Z" level=info msg="pq/listener: Received an event" event=0 logger=skydb
time="2018-04-13T07:20:56Z" level=info msg="pq/listener: Listening to record_change..." logger=skydb
time="2018-04-13T07:20:56Z" level=info msg="Get response from init" err="Post http://localhost:8000: dial tcp 127.0.0.1:8000: getsockopt: connection refused" logger=plugin out= plugin="&{0 0xc42008a480 map[]}"
time="2018-04-13T07:20:56Z" level=info msg="Transport state changes from TransportStateUninitialized to TransportStateError." logger=plugin
time="2018-04-13T07:20:56Z" level=info msg="Get response from init" err="Post http://localhost:9000: dial tcp 127.0.0.1:9000: getsockopt: connection refused" logger=plugin out= plugin="&{0 0xc42008a900 map[]}"
time="2018-04-13T07:20:56Z" level=info msg="Transport state changes from TransportStateUninitialized to TransportStateError." logger=plugin
Listening 0.0.0.0 on port 9000...
2018-04-13 07:20:56,772 INFO  [skygear.bin:76][MainThread] Starting py-skygear(1.4.0)...
Traceback (most recent call last):
  File "/root/.local/bin/py-skygear", line 11, in <module>
    sys.exit(main())
  File "/root/.local/lib/python3.6/site-packages/skygear/bin.py", line 38, in main
    run_plugin(options)
  File "/root/.local/lib/python3.6/site-packages/skygear/bin.py", line 77, in run_plugin
    load(options)
  File "/root/.local/lib/python3.6/site-packages/skygear/bin.py", line 65, in load
    load_modules(options.modules)
  File "/root/.local/lib/python3.6/site-packages/skygear/importutil.py", line 118, in load_modules
    load_module(module)
  File "/root/.local/lib/python3.6/site-packages/skygear/importutil.py", line 73, in load_module
    loaded = SourceFileLoader(package_name, path).load_module()
  File "<frozen importlib._bootstrap_external>", line 399, in _check_name_wrapper
  File "<frozen importlib._bootstrap_external>", line 823, in load_module
  File "<frozen importlib._bootstrap_external>", line 682, in load_module
  File "<frozen importlib._bootstrap>", line 265, in _load_module_shim
  File "<frozen importlib._bootstrap>", line 684, in _load
  File "<frozen importlib._bootstrap>", line 665, in _load_unlocked
  File "<frozen importlib._bootstrap_external>", line 678, in exec_module
  File "<frozen importlib._bootstrap>", line 219, in _call_with_frames_removed
  File "__init__.py", line 6, in <module>
    import nonexistent
ModuleNotFoundError: No module named 'nonexistent'
Terminated
[cmd] /boot exited 143
killall: skygear-server: no process killed
killall: skygear-server: no process killed
[cont-finish.d] executing container finish scripts...
[cont-finish.d] done.
[s6-finish] syncing disks.
[s6-finish] sending all processes the TERM signal.
[s6-finish] sending all processes the KILL signal and exiting.
