[s6-init] making user provided files available at /var/run/s6/etc...exited 0.
[s6-init] ensuring user provided files have correct perms...exited 0.
[fix-attrs.d] applying ownership & permissions fixes...
[fix-attrs.d] 01-fix-perms: applying... 
[fix-attrs.d] 01-fix-perms: exited 0.
[fix-attrs.d] done.
[cont-init.d] executing container initialization scripts...
[cont-init.d] done.
[services.d] starting services
[services.d] done.
2018/04/13 06:55:31 Error in loading .env file
time="2018-04-13T06:55:31Z" level=info msg="Starting Skygear Server(v1.4.0)..."
time="2018-04-13T06:55:31Z" level=debug msg="Current version of database schema is \"b3163d49bd6d\"." logger=skydb
time="2018-04-13T06:55:31Z" level=debug msg="Database schema \"b3163d49bd6d\" matches the latest schema \"b3163d49bd6d\"." logger=skydb
time="2018-04-13T06:55:31Z" level=debug msg="Querying remoteColumnTypes user" logger=skydb
time="2018-04-13T06:55:31Z" level=debug msg="Executed SQL with sql.QueryRowx" args="[user app_cheungpatapplog]" executionCount=1 logger=skydb sql="\nSELECT c.oid\nFROM pg_catalog.pg_class c\n     LEFT JOIN pg_catalog.pg_namespace n ON n.oid = c.relnamespace\nWHERE c.relname = $1\n  AND n.nspname = $2"
time="2018-04-13T06:55:31Z" level=debug msg="Executed SQL successfully with sql.Queryx" args="[35455312]" error="<nil>" executionCount=2 logger=skydb sql="\nSELECT a.attname,\n  pg_catalog.format_type(a.atttypid, a.atttypmod)\nFROM pg_catalog.pg_attribute a\nWHERE a.attrelid = $1 AND a.attnum > 0 AND NOT a.attisdropped"
time="2018-04-13T06:55:31Z" level=debug msg="Executed SQL successfully with sql.Queryx" args="[app_cheungpatapplog user]" error="<nil>" executionCount=3 logger=skydb sql="SELECT kcu.column_name, ccu.table_name FROM information_schema.table_constraints AS tc JOIN information_schema.key_column_usage AS kcu ON tc.constraint_name = kcu.constraint_name JOIN information_schema.constraint_column_usage AS ccu ON ccu.constraint_name = tc.constraint_name WHERE constraint_type = 'FOREIGN KEY' AND tc.table_schema = $1 AND tc.table_name = $2"
time="2018-04-13T06:55:31Z" level=debug msg="Cache remoteColumnTypes user" logger=skydb
time="2018-04-13T06:55:31Z" level=debug msg="Using cached remoteColumnTypes user" logger=skydb
time="2018-04-13T06:55:31Z" level=debug msg="Executed SQL successfully with sql.Queryx" args="[app_cheungpatapplog user]" error="<nil>" executionCount=4 logger=skydb sql="\nSELECT\n    t.relname AS table_name,\n    i.relname AS index_name,\n    array_to_string(array_agg(a.attname), ',') AS column_names\nFROM\n    pg_class t,\n    pg_class i,\n    pg_index ix,\n    pg_attribute a,\n    pg_namespace ns\nWHERE\n    t.oid = ix.indrelid\n    AND i.oid = ix.indexrelid\n    AND ns.oid = t.relnamespace\n    AND ns.oid = i.relnamespace\n    AND a.attrelid = t.oid\n    AND a.attnum = ANY(ix.indkey)\n    AND t.relkind = 'r'\n    AND ix.indisunique = TRUE\n    AND ns.nspname = $1\n    AND t.relname = $2\nGROUP BY\n    ns.nspname,\n    t.relname,\n    i.relname;"
time="2018-04-13T06:55:31Z" level=info msg="Subscription Service listening..."
time="2018-04-13T06:55:31Z" level=debug msg="Executed SQL successfully with sql.Exec" args="[2018-04-12 06:55:31.973021576 +0000 UTC]" error="<nil>" executionCount=1 logger=skydb rowsAffected=0 sql="DELETE FROM \"app_cheungpatapplog\".\"_device\" WHERE token IS NULL AND last_registered_at < $1"
time="2018-04-13T06:55:31Z" level=info msg="Created Cloud Asset Store" cloud-store="&{cheungpatapplog http://10.3.148.74 eyJhbGciOiJIUzI1NiIsInR5cCI6IkpXVCJ9.eyJleHRyYSI6eyJlbmRwb2ludCI6ImNoZXVuZ3BhdGFwcGxvZyJ9LCJqdGkiOiIyM2U1NzIyMC1iMWQ0LTQ3N2QtOGI3Ny0zMTEwNDI4ZjA2YjAiLCJpYXQiOjE1MjM2MDIzNzEsImlzcyI6IlNreWdlYXItQ2xvdWQiLCJzdWIiOiJza3lnZWFyLWNsb3VkLWFzc2V0LXRva2VuIn0.fWFC9E5AZdKUe888lDeg7NNmuxZuz0_qom3L8vsQgCE https://asset.skygeario.com/asset false 0xc4201b71d0}" logger=asset
time="2018-04-13T06:55:31Z" level=info msg="Supported plugin transports: exec, http"
time="2018-04-13T06:55:31Z" level=info msg="Listening on :3000..."
time="2018-04-13T06:55:31Z" level=info msg="Wait for all plugin configurations" count=2 logger=plugin
time="2018-04-13T06:55:31Z" level=info msg="Start refresh Cloud Asset Signer Token" logger=asset
time="2018-04-13T06:55:31Z" level=debug msg="Hub running 0xc42005bb80" logger=pubsub
time="2018-04-13T06:55:31Z" level=debug msg="Hub running 0xc42005b540" logger=pubsub
time="2018-04-13T06:55:32Z" level=info msg="Successfully got new Cloud Asset Signer Token" logger=asset response="{xPPjdsJk7EwENH7ZnkkvJHnA9N7a7c7l1JJre76kmAw= MTUyMzYwOTczMQ== 2018-04-13 08:55:31 +0000 UTC}"
time="2018-04-13T06:55:32Z" level=info msg="Sending init event to plugin" logger=plugin retry=0
time="2018-04-13T06:55:32Z" level=info msg="Sending init event to plugin" logger=plugin retry=0
time="2018-04-13T06:55:32Z" level=info msg="Get response from init" err="Post http://localhost:9000: dial tcp 127.0.0.1:9000: getsockopt: connection refused" logger=plugin out= plugin="&{0 0xc420570000 map[]}"
time="2018-04-13T06:55:32Z" level=info msg="Transport state changes from TransportStateUninitialized to TransportStateError." logger=plugin
time="2018-04-13T06:55:32Z" level=info msg="Get response from init" err="Post http://localhost:8000: dial tcp 127.0.0.1:8000: getsockopt: connection refused" logger=plugin out= plugin="&{0 0xc420570480 map[]}"
time="2018-04-13T06:55:32Z" level=info msg="Transport state changes from TransportStateUninitialized to TransportStateError." logger=plugin
Listening 0.0.0.0 on port 9000...
time="2018-04-13T06:55:32Z" level=info msg="pq/listener: Received an event" event=0 logger=skydb
time="2018-04-13T06:55:32Z" level=info msg="pq/listener: Listening to record_change..." logger=skydb
2018-04-13 06:55:32,417 INFO  [skygear.bin:76][MainThread] Starting py-skygear(1.4.0)...
2018-04-13 06:55:32,619 INFO  [werkzeug:88][MainThread]  * Running on http://0.0.0.0:8000/ (Press CTRL+C to quit)
time="2018-04-13T06:55:34Z" level=info msg="Sending init event to plugin" logger=plugin retry=1
time="2018-04-13T06:55:34Z" level=info msg="Transport state changes from TransportStateError to TransportStateUninitialized." logger=plugin
time="2018-04-13T06:55:34Z" level=info msg="Sending init event to plugin" logger=plugin retry=1
time="2018-04-13T06:55:34Z" level=info msg="Transport state changes from TransportStateError to TransportStateUninitialized." logger=plugin
2018-04-13 06:55:34,170 INFO  [werkzeug:88][Thread-1] 127.0.0.1 - - [13/Apr/2018 06:55:34] "POST / HTTP/1.1" 200 -
time="2018-04-13T06:55:34Z" level=info msg="Get response from init" err="<nil>" logger=plugin out="{\"op\": [{\"name\": \"user:forgot-password\", \"key_required\": false, \"user_required\": false}, {\"name\": \"user:forgot-password:test\", \"key_required\": true, \"user_required\": false}, {\"name\": \"user:reset-password\", \"key_required\": false, \"user_required\": false}, {\"name\": \"sso/config\", \"key_required\": false, \"user_required\": false}, {\"name\": \"sso/provider_profiles\", \"key_required\": false, \"user_required\": true}], \"handler\": [{\"name\": \"reset-password\", \"methods\": [\"GET\"], \"key_required\": false, \"user_required\": false}, {\"name\": \"reset-password\", \"methods\": [\"POST\"], \"key_required\": false, \"user_required\": false}, {\"name\": \"sso/iframe_handler\", \"methods\": [\"GET\"], \"key_required\": false, \"user_required\": false}, {\"name\": \"sso/iframe_handler\", \"methods\": [\"POST\"], \"key_required\": false, \"user_required\": false}, {\"name\": \"sso/iframe_handler\", \"methods\": [\"PUT\"], \"key_required\": false, \"user_required\": false}, {\"name\": \"hello/\", \"methods\": [\"GET\"], \"key_required\": false, \"user_required\": false}, {\"name\": \"hello/\", \"methods\": [\"POST\"], \"key_required\": false, \"user_required\": false}, {\"name\": \"hello/\", \"methods\": [\"PUT\"], \"key_required\": false, \"user_required\": false}], \"hook\": [{\"type\": \"user\", \"trigger\": \"beforeSave\", \"name\": \"plugin.reject_user\"}], \"timer\": [], \"event\": [{\"name\": \"init\"}], \"provider\": []}" plugin="&{1 0xc420570480 map[]}"
time="2018-04-13T06:55:34Z" level=info msg="Transport state changes from TransportStateUninitialized to TransportStateInitialized." logger=plugin
time="2018-04-13T06:55:34Z" level=info msg="Get response from init" err="<nil>" logger=plugin out="{\"op\":[],\"event\":[{\"name\":\"init\"}],\"handler\":[{\"name\":\"static/\",\"methods\":[\"GET\"],\"user_required\":false},{\"name\":\"static/\",\"methods\":[\"POST\"],\"user_required\":false},{\"name\":\"static/\",\"methods\":[\"PUT\"],\"user_required\":false}],\"hook\":[],\"timer\":[],\"provider\":[]}" plugin="&{1 0xc420570000 map[]}"
time="2018-04-13T06:55:34Z" level=info msg="Transport state changes from TransportStateUninitialized to TransportStateInitialized." logger=plugin
2018-04-13 06:55:34,199 WARNI [skygear.transmitter.common:114][Thread-2] Missing event func named "after-config"
2018-04-13 06:55:34,199 INFO  [werkzeug:88][Thread-2] 127.0.0.1 - - [13/Apr/2018 06:55:34] "POST / HTTP/1.1" 200 -
2018-04-13 06:55:34,234 WARNI [skygear.transmitter.common:114][Thread-3] Missing event func named "before-plugins-ready"
2018-04-13 06:55:34,235 INFO  [werkzeug:88][Thread-3] 127.0.0.1 - - [13/Apr/2018 06:55:34] "POST / HTTP/1.1" 200 -
time="2018-04-13T06:55:34Z" level=info msg="Transport state changes from TransportStateInitialized to TransportStateReady." logger=plugin
time="2018-04-13T06:55:34Z" level=info msg="Transport state changes from TransportStateInitialized to TransportStateReady." logger=plugin
2018-04-13 06:55:34,262 WARNI [skygear.transmitter.common:114][Thread-4] Missing event func named "after-plugins-ready"
2018-04-13 06:55:34,262 INFO  [werkzeug:88][Thread-4] 127.0.0.1 - - [13/Apr/2018 06:55:34] "POST / HTTP/1.1" 200 -
2018-04-13 06:55:34,289 WARNI [skygear.transmitter.common:114][Thread-5] Missing event func named "server-ready"
2018-04-13 06:55:34,289 INFO  [werkzeug:88][Thread-5] 127.0.0.1 - - [13/Apr/2018 06:55:34] "POST / HTTP/1.1" 200 -
time="2018-04-13T06:55:48Z" level=debug msg="GET /_status/healthz" logger=router
time="2018-04-13T06:55:48Z" level=debug msg="------ Header: ------" logger=router
time="2018-04-13T06:55:48Z" level=debug msg="User-Agent: [kube-probe/1.9]" logger=router
time="2018-04-13T06:55:48Z" level=debug msg="Accept-Encoding: [gzip]" logger=router
time="2018-04-13T06:55:48Z" level=debug msg="Connection: [close]" logger=router
time="2018-04-13T06:55:48Z" level=debug msg="------ Request: ------" logger=router
time="2018-04-13T06:55:48Z" level=debug msg="0 bytes of request body" logger=router
time="2018-04-13T06:55:48Z" level=debug msg="------ Response: ------" logger=router
time="2018-04-13T06:55:48Z" level=debug msg="{\"result\":{\"status\":\"OK\"}}\n" logger=router
time="2018-04-13T06:56:08Z" level=debug msg="GET /_status/healthz" logger=router
time="2018-04-13T06:56:08Z" level=debug msg="------ Header: ------" logger=router
time="2018-04-13T06:56:08Z" level=debug msg="User-Agent: [kube-probe/1.9]" logger=router
time="2018-04-13T06:56:08Z" level=debug msg="Accept-Encoding: [gzip]" logger=router
time="2018-04-13T06:56:08Z" level=debug msg="Connection: [close]" logger=router
time="2018-04-13T06:56:08Z" level=debug msg="------ Request: ------" logger=router
time="2018-04-13T06:56:08Z" level=debug msg="0 bytes of request body" logger=router
time="2018-04-13T06:56:08Z" level=debug msg="------ Response: ------" logger=router
time="2018-04-13T06:56:08Z" level=debug msg="{\"result\":{\"status\":\"OK\"}}\n" logger=router
time="2018-04-13T06:56:16Z" level=debug msg="POST /" logger=router
time="2018-04-13T06:56:16Z" level=debug msg="------ Header: ------" logger=router
time="2018-04-13T06:56:16Z" level=debug msg="X-Real-Ip: [172.24.8.40]" logger=router
time="2018-04-13T06:56:16Z" level=debug msg="X-Forwarded-For: [172.24.8.40]" logger=router
time="2018-04-13T06:56:16Z" level=debug msg="X-Original-Uri: [/]" logger=router
time="2018-04-13T06:56:16Z" level=debug msg="X-Scheme: [http]" logger=router
time="2018-04-13T06:56:16Z" level=debug msg="Content-Type: [application/json; charset=utf-8]" logger=router
time="2018-04-13T06:56:16Z" level=debug msg="User-Agent: [Paw/3.1.5 (Macintosh; OS X/10.13.4) GCDHTTPRequest]" logger=router
time="2018-04-13T06:56:16Z" level=debug msg="X-Forwarded-Host: [cheungpatapplog.skygeario.com]" logger=router
time="2018-04-13T06:56:16Z" level=debug msg="X-Forwarded-Port: [80]" logger=router
time="2018-04-13T06:56:16Z" level=debug msg="X-Forwarded-Proto: [http]" logger=router
time="2018-04-13T06:56:16Z" level=debug msg="Content-Length: [158]" logger=router
time="2018-04-13T06:56:16Z" level=debug msg="Connection: [close]" logger=router
time="2018-04-13T06:56:16Z" level=debug msg="------ Request: ------" logger=router
time="2018-04-13T06:56:16Z" level=debug msg="{\"api_key\":\"4bc7ef27d6ab49c380eab9d3760699f4\",\"action\":\"auth:signup\",\"auth_data\":{\"username\":\"cheungpat\",\"email\":\"cheungpat@oursky.com\"},\"password\":\"abc1234\"}" logger=router
time="2018-04-13T06:56:16Z" level=debug msg="Opening DBConn: {pq cheungpatapplog postgresql://dbgftvqyfydiev5s3utku9:aunjaUiNopOE@skygear-cloud-client-db-1.c5fyydwyvna6.us-west-2.rds.amazonaws.com:5432/dbgftvqyfydiev5s3utku9?sslmode=require}" logger=preprocessor
time="2018-04-13T06:56:16Z" level=debug msg="Get DB OK" logger=preprocessor
time="2018-04-13T06:56:16Z" level=debug msg="Executed SQL successfully with sql.Queryx" args="[]" error="<nil>" executionCount=1 logger=skydb sql="SELECT id FROM \"app_cheungpatapplog\".\"_role\" WHERE by_default = true"
time="2018-04-13T06:56:16Z" level=debug msg="map[username:cheungpat email:cheungpat@oursky.com]"
time="2018-04-13T06:56:16Z" level=debug msg="Querying remoteColumnTypes user" logger=skydb
time="2018-04-13T06:56:16Z" level=debug msg="Executed SQL with sql.QueryRowx" args="[user app_cheungpatapplog]" executionCount=2 logger=skydb sql="\nSELECT c.oid\nFROM pg_catalog.pg_class c\n     LEFT JOIN pg_catalog.pg_namespace n ON n.oid = c.relnamespace\nWHERE c.relname = $1\n  AND n.nspname = $2"
time="2018-04-13T06:56:16Z" level=debug msg="Executed SQL successfully with sql.Queryx" args="[35455312]" error="<nil>" executionCount=3 logger=skydb sql="\nSELECT a.attname,\n  pg_catalog.format_type(a.atttypid, a.atttypmod)\nFROM pg_catalog.pg_attribute a\nWHERE a.attrelid = $1 AND a.attnum > 0 AND NOT a.attisdropped"
time="2018-04-13T06:56:16Z" level=debug msg="Executed SQL successfully with sql.Queryx" args="[app_cheungpatapplog user]" error="<nil>" executionCount=4 logger=skydb sql="SELECT kcu.column_name, ccu.table_name FROM information_schema.table_constraints AS tc JOIN information_schema.key_column_usage AS kcu ON tc.constraint_name = kcu.constraint_name JOIN information_schema.constraint_column_usage AS ccu ON ccu.constraint_name = tc.constraint_name WHERE constraint_type = 'FOREIGN KEY' AND tc.table_schema = $1 AND tc.table_name = $2"
time="2018-04-13T06:56:16Z" level=debug msg="Cache remoteColumnTypes user" logger=skydb
time="2018-04-13T06:56:16Z" level=debug msg="0xc4200eef50: Beginning transaction" logger=skydb
time="2018-04-13T06:56:16Z" level=debug msg="0xc4200eef50: Done beginning transaction 0xc4205cbaa0" logger=skydb
time="2018-04-13T06:56:16Z" level=debug msg="Executed SQL successfully with sql.Exec" args="[68d8e3b4-0c31-4fff-aabb-a4189c1ae0ae [36 50 97 36 49 48 36 90 101 109 110 79 77 76 103 110 83 73 52 90 117 56 102 104 53 47 79 76 79 73 71 89 76 122 89 114 119 72 86 46 117 113 54 85 53 84 57 103 87 78 56 81 87 116 86 48 71 71 122 83] {map[] true} 2018-04-13 06:56:16.980099721 +0000 UTC <nil> false <nil> <nil>]" error="<nil>" executionCount=5 logger=skydb rowsAffected=1 sql="INSERT INTO \"app_cheungpatapplog\".\"_auth\" (id,password,provider_info,token_valid_since,last_seen_at,disabled,disabled_message,disabled_expiry) VALUES ($1,$2,$3,$4,$5,$6,$7,$8)"
time="2018-04-13T06:56:16Z" level=debug msg="UpdateRoles &{68d8e3b4-0c31-4fff-aabb-a4189c1ae0ae [36 50 97 36 49 48 36 90 101 109 110 79 77 76 103 110 83 73 52 90 117 56 102 104 53 47 79 76 79 73 71 89 76 122 89 114 119 72 86 46 117 113 54 85 53 84 57 103 87 78 56 81 87 116 86 48 71 71 122 83] [] map[] 2018-04-13 06:56:16.980099721 +0000 UTC <nil> true false  <nil>}" logger=skydb
time="2018-04-13T06:56:16Z" level=debug msg="Executed SQL successfully with sql.Exec" args="[68d8e3b4-0c31-4fff-aabb-a4189c1ae0ae]" error="<nil>" executionCount=6 logger=skydb rowsAffected=0 sql="DELETE FROM \"app_cheungpatapplog\".\"_auth_role\" WHERE auth_id = $1"
time="2018-04-13T06:56:17Z" level=debug msg="Executed SQL successfully with sql.Queryx" args="[]" error="<nil>" executionCount=7 logger=skydb sql="SELECT record_type, record_field, user_role, writable, readable, comparable, discoverable FROM \"app_cheungpatapplog\".\"_record_field_access\""
time="2018-04-13T06:56:17Z" level=debug msg="Using cached remoteColumnTypes user" logger=skydb
time="2018-04-13T06:56:17Z" level=debug msg="Executed SQL with sql.QueryRowx" args="[ 68d8e3b4-0c31-4fff-aabb-a4189c1ae0ae]" executionCount=8 logger=skydb sql="SELECT \"user\".\"_created_at\" as \"_created_at\", \"user\".\"_database_id\" as \"_database_id\", \"user\".\"_updated_by\" as \"_updated_by\", \"user\".\"last_login_at\" as \"last_login_at\", \"user\".\"_owner_id\" as \"_owner_id\", \"user\".\"_access\" as \"_access\", \"user\".\"_created_by\" as \"_created_by\", \"user\".\"username\" as \"username\", \"user\".\"_id\" as \"_id\", \"user\".\"_updated_at\" as \"_updated_at\", \"user\".\"email\" as \"email\" FROM \"app_cheungpatapplog\".\"user\" WHERE \"user\".\"_database_id\" = $1 AND _id = $2"
time="2018-04-13T06:56:17Z" level=debug msg="Executed SQL successfully with sql.Queryx" args="[user]" error="<nil>" executionCount=9 logger=skydb sql="SELECT role_id FROM \"app_cheungpatapplog\".\"_record_creation\" JOIN \"app_cheungpatapplog\".\"_role\" ON \"app_cheungpatapplog\".\"_record_creation\".role_id = id WHERE record_type = $1"
time="2018-04-13T06:56:17Z" level=debug msg="Executed SQL with sql.QueryRowx" args="[user]" executionCount=10 logger=skydb sql="SELECT default_access FROM \"app_cheungpatapplog\".\"_record_default_access\" WHERE record_type = $1"
2018-04-13 06:56:17,086 ERROR [skygear.transmitter.common:57][Thread-6] Error occurred processing request
Traceback (most recent call last):
  File "/root/.local/lib/python3.6/site-packages/skygear/transmitter/common.py", line 40, in wrapper
    return dict(result=f(self, *args, **kwargs))
  File "/root/.local/lib/python3.6/site-packages/skygear/transmitter/common.py", line 102, in call_func
    return self.hook(obj, param)
  File "/root/.local/lib/python3.6/site-packages/skygear/transmitter/common.py", line 180, in hook
    returned = func(record, original_record, conn)
  File "/root/.local/lib/python3.6/site-packages/skygear/decorators.py", line 85, in hook_func
    func(record, original_record, db)
  File "__init__.py", line 10, in reject_user
    raise Exception('i refuse to do work')
Exception: i refuse to do work
2018-04-13 06:56:17,087 INFO  [werkzeug:88][Thread-6] 127.0.0.1 - - [13/Apr/2018 06:56:17] "POST / HTTP/1.1" 200 -
time="2018-04-13T06:56:17Z" level=debug msg="0xc4200eef50: Rolled back transaction" logger=skydb
time="2018-04-13T06:56:17Z" level=debug msg="------ Response: ------" logger=router
time="2018-04-13T06:56:17Z" level=debug msg="{\"error\":{\"name\":\"UnexpectedError\",\"code\":10000,\"message\":\"i refuse to do work\",\"info\":{\"trace\":\"Traceback (most recent call last):\\n  File \\\"/root/.local/lib/python3.6/site-packages/skygear/transmitter/common.py\\\", line 40, in wrapper\\n    return dict(result=f(self, *args, **kwargs))\\n  File \\\"/root/.local/lib/python3.6/site-packages/skygear/transmitter/common.py\\\", line 102, in call_func\\n    return self.hook(obj, param)\\n  File \\\"/root/.local/lib/python3.6/site-packages/skygear/transmitter/common.py\\\", line 180, in hook\\n    returned = func(record, original_record, conn)\\n  File \\\"/root/.local/lib/python3.6/site-packages/skygear/decorators.py\\\", line 85, in hook_func\\n    func(record, original_record, db)\\n  File \\\"__init__.py\\\", line 10, in reject_user\\n    raise Exception('i refuse to do work')\\nException: i refuse to do work\\n\"}}}\n" logger=router
time="2018-04-13T06:56:28Z" level=debug msg="GET /_status/healthz" logger=router
time="2018-04-13T06:56:28Z" level=debug msg="------ Header: ------" logger=router
time="2018-04-13T06:56:28Z" level=debug msg="User-Agent: [kube-probe/1.9]" logger=router
time="2018-04-13T06:56:28Z" level=debug msg="Accept-Encoding: [gzip]" logger=router
time="2018-04-13T06:56:28Z" level=debug msg="Connection: [close]" logger=router
time="2018-04-13T06:56:28Z" level=debug msg="------ Request: ------" logger=router
time="2018-04-13T06:56:28Z" level=debug msg="0 bytes of request body" logger=router
time="2018-04-13T06:56:28Z" level=debug msg="------ Response: ------" logger=router
time="2018-04-13T06:56:28Z" level=debug msg="{\"result\":{\"status\":\"OK\"}}\n" logger=router
time="2018-04-13T06:56:48Z" level=debug msg="GET /_status/healthz" logger=router
time="2018-04-13T06:56:48Z" level=debug msg="------ Header: ------" logger=router
time="2018-04-13T06:56:48Z" level=debug msg="Connection: [close]" logger=router
time="2018-04-13T06:56:48Z" level=debug msg="User-Agent: [kube-probe/1.9]" logger=router
time="2018-04-13T06:56:48Z" level=debug msg="Accept-Encoding: [gzip]" logger=router
time="2018-04-13T06:56:48Z" level=debug msg="------ Request: ------" logger=router
time="2018-04-13T06:56:48Z" level=debug msg="0 bytes of request body" logger=router
time="2018-04-13T06:56:48Z" level=debug msg="------ Response: ------" logger=router
time="2018-04-13T06:56:48Z" level=debug msg="{\"result\":{\"status\":\"OK\"}}\n" logger=router
